app/build/intermediates/manifest_merge_blame_file/debug/manifest-merger-blame-debug-report.txt
1<?xml version="1.0" encoding="utf-8"?>
2<manifest xmlns:android="http://schemas.android.com/apk/res/android"
3    package="com.example.shoesstore"
4    android:versionCode="1"
5    android:versionName="1.0" >
6
7    <uses-sdk
8        android:minSdkVersion="24"
9        android:targetSdkVersion="34" />
10    <!-- Cấp quyền -->
11    <uses-permission android:name="android.permission.INTERNET" />
11-->src\main\AndroidManifest.xml:5:5-66
11-->src\main\AndroidManifest.xml:5:22-64
12    <uses-permission android:name="android.permission.ACCESS_NETWORK_STATE" />
12-->src\main\AndroidManifest.xml:7:5-79
12-->src\main\AndroidManifest.xml:7:22-76
13    <uses-permission android:name="android.permission.CAMERA" />
13-->src\main\AndroidManifest.xml:8:5-65
13-->src\main\AndroidManifest.xml:8:22-62
14    <uses-permission android:name="android.permission.READ_EXTERNAL_STORAGE" />
14-->src\main\AndroidManifest.xml:9:5-79
14-->src\main\AndroidManifest.xml:9:22-77
15    <uses-permission android:name="android.permission.WRITE_EXTERNAL_STORAGE" />
15-->src\main\AndroidManifest.xml:10:5-80
15-->src\main\AndroidManifest.xml:10:22-78
16
17    <uses-feature android:name="android.hardware.camera" />
17-->src\main\AndroidManifest.xml:13:5-60
17-->src\main\AndroidManifest.xml:13:19-57
18
19    <queries>
19-->[zpdk-release-v3.1.aar] AndroidManifest.xml:9:5-13:15
20        <package android:name="vn.com.vng.zalopay.sb1" />
20-->[zpdk-release-v3.1.aar] AndroidManifest.xml:10:9-58
20-->[zpdk-release-v3.1.aar] AndroidManifest.xml:10:18-55
21        <package android:name="vn.com.vng.zalopay" />
21-->[zpdk-release-v3.1.aar] AndroidManifest.xml:11:9-54
21-->[zpdk-release-v3.1.aar] AndroidManifest.xml:11:18-51
22        <package android:name="com.zing.zalo" />
22-->[zpdk-release-v3.1.aar] AndroidManifest.xml:12:9-49
22-->[zpdk-release-v3.1.aar] AndroidManifest.xml:12:18-46
23    </queries>
24
25    <permission
25-->[androidx.core:core:1.9.0] AndroidManifest.xml:22:5-24:47
26        android:name="com.example.shoesstore.DYNAMIC_RECEIVER_NOT_EXPORTED_PERMISSION"
26-->[androidx.core:core:1.9.0] AndroidManifest.xml:23:9-81
27        android:protectionLevel="signature" />
27-->[androidx.core:core:1.9.0] AndroidManifest.xml:24:9-44
28
29    <uses-permission android:name="com.example.shoesstore.DYNAMIC_RECEIVER_NOT_EXPORTED_PERMISSION" />
29-->[androidx.core:core:1.9.0] AndroidManifest.xml:26:5-97
29-->[androidx.core:core:1.9.0] AndroidManifest.xml:26:22-94
30
31    <uses-feature
31-->[com.journeyapps:zxing-android-embedded:4.3.0] AndroidManifest.xml:28:5-30:36
32        android:name="android.hardware.camera.front"
32-->[com.journeyapps:zxing-android-embedded:4.3.0] AndroidManifest.xml:29:9-53
33        android:required="false" /> <!-- TODO replace above two with next line after Android 4.2 -->
33-->[com.journeyapps:zxing-android-embedded:4.3.0] AndroidManifest.xml:30:9-33
34    <!-- <uses-feature android:name="android.hardware.camera.any"/> -->
35    <uses-feature
35-->[com.journeyapps:zxing-android-embedded:4.3.0] AndroidManifest.xml:33:5-35:36
36        android:name="android.hardware.camera.autofocus"
36-->[com.journeyapps:zxing-android-embedded:4.3.0] AndroidManifest.xml:34:9-57
37        android:required="false" />
37-->[com.journeyapps:zxing-android-embedded:4.3.0] AndroidManifest.xml:35:9-33
38    <uses-feature
38-->[com.journeyapps:zxing-android-embedded:4.3.0] AndroidManifest.xml:36:5-38:36
39        android:name="android.hardware.camera.flash"
39-->[com.journeyapps:zxing-android-embedded:4.3.0] AndroidManifest.xml:37:9-53
40        android:required="false" />
40-->[com.journeyapps:zxing-android-embedded:4.3.0] AndroidManifest.xml:38:9-33
41    <uses-feature
41-->[com.journeyapps:zxing-android-embedded:4.3.0] AndroidManifest.xml:39:5-41:36
42        android:name="android.hardware.screen.landscape"
42-->[com.journeyapps:zxing-android-embedded:4.3.0] AndroidManifest.xml:40:9-57
43        android:required="false" />
43-->[com.journeyapps:zxing-android-embedded:4.3.0] AndroidManifest.xml:41:9-33
44    <uses-feature
44-->[com.journeyapps:zxing-android-embedded:4.3.0] AndroidManifest.xml:42:5-44:36
45        android:name="android.hardware.wifi"
45-->[com.journeyapps:zxing-android-embedded:4.3.0] AndroidManifest.xml:43:9-45
46        android:required="false" />
46-->[com.journeyapps:zxing-android-embedded:4.3.0] AndroidManifest.xml:44:9-33
47
48    <application
48-->src\main\AndroidManifest.xml:15:5-111:19
49        android:allowBackup="false"
49-->src\main\AndroidManifest.xml:16:9-36
50        android:appComponentFactory="androidx.core.app.CoreComponentFactory"
50-->[androidx.core:core:1.9.0] AndroidManifest.xml:28:18-86
51        android:dataExtractionRules="@xml/data_extraction_rules"
51-->src\main\AndroidManifest.xml:17:9-65
52        android:debuggable="true"
53        android:extractNativeLibs="false"
54        android:fullBackupContent="@xml/backup_rules"
54-->src\main\AndroidManifest.xml:18:9-54
55        android:icon="@mipmap/ic_launcher"
55-->src\main\AndroidManifest.xml:19:9-43
56        android:label="@string/app_name"
56-->src\main\AndroidManifest.xml:20:9-41
57        android:roundIcon="@mipmap/ic_launcher_round"
57-->src\main\AndroidManifest.xml:21:9-54
58        android:supportsRtl="true"
58-->src\main\AndroidManifest.xml:22:9-35
59        android:testOnly="true"
60        android:theme="@style/Theme.ShoesStore" >
60-->src\main\AndroidManifest.xml:23:9-48
61        <activity
61-->src\main\AndroidManifest.xml:25:9-29:55
62            android:name="com.example.shoesstore.Activity.ReviewActivity"
62-->src\main\AndroidManifest.xml:26:13-52
63            android:exported="false"
63-->src\main\AndroidManifest.xml:27:13-37
64            android:label="@string/title_activity_review"
64-->src\main\AndroidManifest.xml:28:13-58
65            android:theme="@style/Theme.ShoesStore" />
65-->src\main\AndroidManifest.xml:29:13-52
66        <activity
66-->src\main\AndroidManifest.xml:30:9-32:40
67            android:name="com.example.shoesstore.Activity.ListCouponActivity"
67-->src\main\AndroidManifest.xml:31:13-56
68            android:exported="false" />
68-->src\main\AndroidManifest.xml:32:13-37
69        <activity
69-->src\main\AndroidManifest.xml:33:9-35:40
70            android:name="com.example.shoesstore.Activity.ProfileActivity"
70-->src\main\AndroidManifest.xml:34:13-53
71            android:exported="false" />
71-->src\main\AndroidManifest.xml:35:13-37
72        <activity
72-->src\main\AndroidManifest.xml:36:9-38:40
73            android:name="com.example.shoesstore.Activity.OrderHistoryActivity"
73-->src\main\AndroidManifest.xml:37:13-58
74            android:exported="false" /> <!-- <activity -->
74-->src\main\AndroidManifest.xml:38:13-37
75        <!-- android:name=".Activity.CheckoutActivity" -->
76        <!-- android:exported="false" /> -->
77        <activity
77-->src\main\AndroidManifest.xml:41:9-56:20
78            android:name="com.example.shoesstore.Activity.CheckoutActivity"
78-->src\main\AndroidManifest.xml:42:13-54
79            android:exported="true"
79-->src\main\AndroidManifest.xml:43:13-36
80            android:label="Merchant Demo"
80-->src\main\AndroidManifest.xml:44:13-42
81            android:launchMode="singleTask" >
81-->src\main\AndroidManifest.xml:45:13-44
82            <intent-filter>
82-->src\main\AndroidManifest.xml:46:13-55:29
83                <action android:name="android.intent.action.VIEW" />
83-->src\main\AndroidManifest.xml:47:17-69
83-->src\main\AndroidManifest.xml:47:25-66
84
85                <category android:name="android.intent.category.DEFAULT" />
85-->src\main\AndroidManifest.xml:49:17-76
85-->src\main\AndroidManifest.xml:49:27-73
86                <category android:name="android.intent.category.BROWSABLE" />
86-->src\main\AndroidManifest.xml:50:17-78
86-->src\main\AndroidManifest.xml:50:27-75
87
88                <data
88-->src\main\AndroidManifest.xml:52:17-54:49
89                    android:host="app"
89-->src\main\AndroidManifest.xml:53:21-39
90                    android:scheme="demozpdk" />
90-->src\main\AndroidManifest.xml:54:21-46
91            </intent-filter>
92        </activity>
93        <activity
93-->src\main\AndroidManifest.xml:57:9-59:40
94            android:name="com.example.shoesstore.Activity.CartActivity"
94-->src\main\AndroidManifest.xml:58:13-50
95            android:exported="false" />
95-->src\main\AndroidManifest.xml:59:13-37
96        <activity
96-->src\main\AndroidManifest.xml:60:9-62:40
97            android:name="com.example.shoesstore.Activity.DetailProductActivity"
97-->src\main\AndroidManifest.xml:61:13-59
98            android:exported="false" />
98-->src\main\AndroidManifest.xml:62:13-37
99        <activity
99-->src\main\AndroidManifest.xml:63:9-65:40
100            android:name="com.example.shoesstore.Activity.ListProductMainActivity"
100-->src\main\AndroidManifest.xml:64:13-61
101            android:exported="false" />
101-->src\main\AndroidManifest.xml:65:13-37
102        <activity
102-->src\main\AndroidManifest.xml:66:9-68:40
103            android:name="com.example.shoesstore.Activity.EditProductActivity"
103-->src\main\AndroidManifest.xml:67:13-57
104            android:exported="false" />
104-->src\main\AndroidManifest.xml:68:13-37
105        <activity
105-->src\main\AndroidManifest.xml:69:9-71:40
106            android:name="com.example.shoesstore.Activity.CreateProductActivity"
106-->src\main\AndroidManifest.xml:70:13-59
107            android:exported="false" />
107-->src\main\AndroidManifest.xml:71:13-37
108        <activity
108-->src\main\AndroidManifest.xml:72:9-74:40
109            android:name="com.example.shoesstore.Activity.CreateCategoryActivity"
109-->src\main\AndroidManifest.xml:73:13-60
110            android:exported="false" />
110-->src\main\AndroidManifest.xml:74:13-37
111        <activity
111-->src\main\AndroidManifest.xml:75:9-77:40
112            android:name="com.example.shoesstore.Activity.ListProductActivity"
112-->src\main\AndroidManifest.xml:76:13-57
113            android:exported="false" />
113-->src\main\AndroidManifest.xml:77:13-37
114        <activity
114-->src\main\AndroidManifest.xml:78:9-80:40
115            android:name="com.example.shoesstore.Activity.ListCategoryActivity"
115-->src\main\AndroidManifest.xml:79:13-58
116            android:exported="false" />
116-->src\main\AndroidManifest.xml:80:13-37
117        <activity
117-->src\main\AndroidManifest.xml:81:9-83:40
118            android:name="com.example.shoesstore.Activity.DashboardActivity"
118-->src\main\AndroidManifest.xml:82:13-55
119            android:exported="false" />
119-->src\main\AndroidManifest.xml:83:13-37
120        <activity
120-->src\main\AndroidManifest.xml:84:9-86:40
121            android:name="com.example.shoesstore.Activity.ChangePasswordActivity"
121-->src\main\AndroidManifest.xml:85:13-60
122            android:exported="false" />
122-->src\main\AndroidManifest.xml:86:13-37
123        <activity
123-->src\main\AndroidManifest.xml:87:9-89:40
124            android:name="com.example.shoesstore.Activity.VerifyOTPActivity"
124-->src\main\AndroidManifest.xml:88:13-55
125            android:exported="false" />
125-->src\main\AndroidManifest.xml:89:13-37
126        <activity
126-->src\main\AndroidManifest.xml:90:9-92:40
127            android:name="com.example.shoesstore.Activity.SendOTPActivity"
127-->src\main\AndroidManifest.xml:91:13-53
128            android:exported="false" />
128-->src\main\AndroidManifest.xml:92:13-37
129        <activity
129-->src\main\AndroidManifest.xml:93:9-95:40
130            android:name="com.example.shoesstore.Activity.SignUpActivity"
130-->src\main\AndroidManifest.xml:94:13-52
131            android:exported="false" />
131-->src\main\AndroidManifest.xml:95:13-37
132        <activity
132-->src\main\AndroidManifest.xml:96:9-104:20
133            android:name="com.example.shoesstore.Activity.SignInActivity"
133-->src\main\AndroidManifest.xml:97:13-52
134            android:exported="true" >
134-->src\main\AndroidManifest.xml:98:13-36
135            <intent-filter>
135-->src\main\AndroidManifest.xml:99:13-103:29
136                <action android:name="android.intent.action.MAIN" />
136-->src\main\AndroidManifest.xml:100:17-69
136-->src\main\AndroidManifest.xml:100:25-66
137
138                <category android:name="android.intent.category.LAUNCHER" />
138-->src\main\AndroidManifest.xml:102:17-77
138-->src\main\AndroidManifest.xml:102:27-74
139            </intent-filter>
140        </activity>
141        <activity
141-->src\main\AndroidManifest.xml:105:9-107:40
142            android:name="com.example.shoesstore.Activity.BaseActivity"
142-->src\main\AndroidManifest.xml:106:13-50
143            android:exported="false" />
143-->src\main\AndroidManifest.xml:107:13-37
144        <activity
144-->src\main\AndroidManifest.xml:108:9-110:40
145            android:name="com.example.shoesstore.Activity.MainActivity"
145-->src\main\AndroidManifest.xml:109:13-50
146            android:exported="false" />
146-->src\main\AndroidManifest.xml:110:13-37
147
148        <service
148-->[com.google.firebase:firebase-database:21.0.0] AndroidManifest.xml:26:9-35:19
149            android:name="com.google.firebase.components.ComponentDiscoveryService"
149-->[com.google.firebase:firebase-database:21.0.0] AndroidManifest.xml:27:13-84
150            android:directBootAware="true"
150-->[com.google.firebase:firebase-common:21.0.0] AndroidManifest.xml:32:13-43
151            android:exported="false" >
151-->[com.google.firebase:firebase-database:21.0.0] AndroidManifest.xml:28:13-37
152            <meta-data
152-->[com.google.firebase:firebase-database:21.0.0] AndroidManifest.xml:29:13-31:85
153                android:name="com.google.firebase.components:com.google.firebase.database.FirebaseDatabaseKtxRegistrar"
153-->[com.google.firebase:firebase-database:21.0.0] AndroidManifest.xml:30:17-120
154                android:value="com.google.firebase.components.ComponentRegistrar" />
154-->[com.google.firebase:firebase-database:21.0.0] AndroidManifest.xml:31:17-82
155            <meta-data
155-->[com.google.firebase:firebase-database:21.0.0] AndroidManifest.xml:32:13-34:85
156                android:name="com.google.firebase.components:com.google.firebase.database.DatabaseRegistrar"
156-->[com.google.firebase:firebase-database:21.0.0] AndroidManifest.xml:33:17-109
157                android:value="com.google.firebase.components.ComponentRegistrar" />
157-->[com.google.firebase:firebase-database:21.0.0] AndroidManifest.xml:34:17-82
158            <meta-data
158-->[com.google.firebase:firebase-storage:20.3.0] AndroidManifest.xml:30:13-32:85
159                android:name="com.google.firebase.components:com.google.firebase.storage.FirebaseStorageKtxRegistrar"
159-->[com.google.firebase:firebase-storage:20.3.0] AndroidManifest.xml:31:17-118
160                android:value="com.google.firebase.components.ComponentRegistrar" />
160-->[com.google.firebase:firebase-storage:20.3.0] AndroidManifest.xml:32:17-82
161            <meta-data
161-->[com.google.firebase:firebase-storage:20.3.0] AndroidManifest.xml:33:13-35:85
162                android:name="com.google.firebase.components:com.google.firebase.storage.StorageRegistrar"
162-->[com.google.firebase:firebase-storage:20.3.0] AndroidManifest.xml:34:17-107
163                android:value="com.google.firebase.components.ComponentRegistrar" />
163-->[com.google.firebase:firebase-storage:20.3.0] AndroidManifest.xml:35:17-82
164            <meta-data
164-->[com.google.firebase:firebase-appcheck:17.1.0] AndroidManifest.xml:25:13-27:85
165                android:name="com.google.firebase.components:com.google.firebase.appcheck.FirebaseAppCheckKtxRegistrar"
165-->[com.google.firebase:firebase-appcheck:17.1.0] AndroidManifest.xml:26:17-120
166                android:value="com.google.firebase.components.ComponentRegistrar" />
166-->[com.google.firebase:firebase-appcheck:17.1.0] AndroidManifest.xml:27:17-82
167            <meta-data
167-->[com.google.firebase:firebase-appcheck:17.1.0] AndroidManifest.xml:28:13-30:85
168                android:name="com.google.firebase.components:com.google.firebase.appcheck.FirebaseAppCheckRegistrar"
168-->[com.google.firebase:firebase-appcheck:17.1.0] AndroidManifest.xml:29:17-117
169                android:value="com.google.firebase.components.ComponentRegistrar" />
169-->[com.google.firebase:firebase-appcheck:17.1.0] AndroidManifest.xml:30:17-82
170            <meta-data
170-->[com.google.firebase:firebase-common-ktx:21.0.0] AndroidManifest.xml:12:13-14:85
171                android:name="com.google.firebase.components:com.google.firebase.ktx.FirebaseCommonLegacyRegistrar"
171-->[com.google.firebase:firebase-common-ktx:21.0.0] AndroidManifest.xml:13:17-116
172                android:value="com.google.firebase.components.ComponentRegistrar" />
172-->[com.google.firebase:firebase-common-ktx:21.0.0] AndroidManifest.xml:14:17-82
173            <meta-data
173-->[com.google.firebase:firebase-common:21.0.0] AndroidManifest.xml:35:13-37:85
174                android:name="com.google.firebase.components:com.google.firebase.FirebaseCommonKtxRegistrar"
174-->[com.google.firebase:firebase-common:21.0.0] AndroidManifest.xml:36:17-109
175                android:value="com.google.firebase.components.ComponentRegistrar" />
175-->[com.google.firebase:firebase-common:21.0.0] AndroidManifest.xml:37:17-82
176        </service>
177
178        <activity
178-->[com.google.android.gms:play-services-base:18.1.0] AndroidManifest.xml:20:9-22:45
179            android:name="com.google.android.gms.common.api.GoogleApiActivity"
179-->[com.google.android.gms:play-services-base:18.1.0] AndroidManifest.xml:20:19-85
180            android:exported="false"
180-->[com.google.android.gms:play-services-base:18.1.0] AndroidManifest.xml:22:19-43
181            android:theme="@android:style/Theme.Translucent.NoTitleBar" />
181-->[com.google.android.gms:play-services-base:18.1.0] AndroidManifest.xml:21:19-78
182
183        <provider
183-->[com.google.firebase:firebase-common:21.0.0] AndroidManifest.xml:23:9-28:39
184            android:name="com.google.firebase.provider.FirebaseInitProvider"
184-->[com.google.firebase:firebase-common:21.0.0] AndroidManifest.xml:24:13-77
185            android:authorities="com.example.shoesstore.firebaseinitprovider"
185-->[com.google.firebase:firebase-common:21.0.0] AndroidManifest.xml:25:13-72
186            android:directBootAware="true"
186-->[com.google.firebase:firebase-common:21.0.0] AndroidManifest.xml:26:13-43
187            android:exported="false"
187-->[com.google.firebase:firebase-common:21.0.0] AndroidManifest.xml:27:13-37
188            android:initOrder="100" />
188-->[com.google.firebase:firebase-common:21.0.0] AndroidManifest.xml:28:13-36
189        <provider
189-->[androidx.emoji2:emoji2:1.2.0] AndroidManifest.xml:24:9-32:20
190            android:name="androidx.startup.InitializationProvider"
190-->[androidx.emoji2:emoji2:1.2.0] AndroidManifest.xml:25:13-67
191            android:authorities="com.example.shoesstore.androidx-startup"
191-->[androidx.emoji2:emoji2:1.2.0] AndroidManifest.xml:26:13-68
192            android:exported="false" >
192-->[androidx.emoji2:emoji2:1.2.0] AndroidManifest.xml:27:13-37
193            <meta-data
193-->[androidx.emoji2:emoji2:1.2.0] AndroidManifest.xml:29:13-31:52
194                android:name="androidx.emoji2.text.EmojiCompatInitializer"
194-->[androidx.emoji2:emoji2:1.2.0] AndroidManifest.xml:30:17-75
195                android:value="androidx.startup" />
195-->[androidx.emoji2:emoji2:1.2.0] AndroidManifest.xml:31:17-49
196            <meta-data
196-->[androidx.lifecycle:lifecycle-process:2.6.1] AndroidManifest.xml:29:13-31:52
197                android:name="androidx.lifecycle.ProcessLifecycleInitializer"
197-->[androidx.lifecycle:lifecycle-process:2.6.1] AndroidManifest.xml:30:17-78
198                android:value="androidx.startup" />
198-->[androidx.lifecycle:lifecycle-process:2.6.1] AndroidManifest.xml:31:17-49
199            <meta-data
199-->[androidx.profileinstaller:profileinstaller:1.3.0] AndroidManifest.xml:29:13-31:52
200                android:name="androidx.profileinstaller.ProfileInstallerInitializer"
200-->[androidx.profileinstaller:profileinstaller:1.3.0] AndroidManifest.xml:30:17-85
201                android:value="androidx.startup" />
201-->[androidx.profileinstaller:profileinstaller:1.3.0] AndroidManifest.xml:31:17-49
202        </provider>
203
204        <meta-data
204-->[com.google.android.gms:play-services-basement:18.3.0] AndroidManifest.xml:21:9-23:69
205            android:name="com.google.android.gms.version"
205-->[com.google.android.gms:play-services-basement:18.3.0] AndroidManifest.xml:22:13-58
206            android:value="@integer/google_play_services_version" />
206-->[com.google.android.gms:play-services-basement:18.3.0] AndroidManifest.xml:23:13-66
207
208        <activity
208-->[androidx.compose.ui:ui-test-manifest:1.6.6] AndroidManifest.xml:23:9-25:39
209            android:name="androidx.activity.ComponentActivity"
209-->[androidx.compose.ui:ui-test-manifest:1.6.6] AndroidManifest.xml:24:13-63
210            android:exported="true" />
210-->[androidx.compose.ui:ui-test-manifest:1.6.6] AndroidManifest.xml:25:13-36
211        <activity
211-->[com.journeyapps:zxing-android-embedded:4.3.0] AndroidManifest.xml:47:9-53:63
212            android:name="com.journeyapps.barcodescanner.CaptureActivity"
212-->[com.journeyapps:zxing-android-embedded:4.3.0] AndroidManifest.xml:48:13-74
213            android:clearTaskOnLaunch="true"
213-->[com.journeyapps:zxing-android-embedded:4.3.0] AndroidManifest.xml:49:13-45
214            android:screenOrientation="sensorLandscape"
214-->[com.journeyapps:zxing-android-embedded:4.3.0] AndroidManifest.xml:50:13-56
215            android:stateNotNeeded="true"
215-->[com.journeyapps:zxing-android-embedded:4.3.0] AndroidManifest.xml:51:13-42
216            android:theme="@style/zxing_CaptureTheme"
216-->[com.journeyapps:zxing-android-embedded:4.3.0] AndroidManifest.xml:52:13-54
217            android:windowSoftInputMode="stateAlwaysHidden" />
217-->[com.journeyapps:zxing-android-embedded:4.3.0] AndroidManifest.xml:53:13-60
218
219        <receiver
219-->[androidx.profileinstaller:profileinstaller:1.3.0] AndroidManifest.xml:34:9-52:20
220            android:name="androidx.profileinstaller.ProfileInstallReceiver"
220-->[androidx.profileinstaller:profileinstaller:1.3.0] AndroidManifest.xml:35:13-76
221            android:directBootAware="false"
221-->[androidx.profileinstaller:profileinstaller:1.3.0] AndroidManifest.xml:36:13-44
222            android:enabled="true"
222-->[androidx.profileinstaller:profileinstaller:1.3.0] AndroidManifest.xml:37:13-35
223            android:exported="true"
223-->[androidx.profileinstaller:profileinstaller:1.3.0] AndroidManifest.xml:38:13-36
224            android:permission="android.permission.DUMP" >
224-->[androidx.profileinstaller:profileinstaller:1.3.0] AndroidManifest.xml:39:13-57
225            <intent-filter>
225-->[androidx.profileinstaller:profileinstaller:1.3.0] AndroidManifest.xml:40:13-42:29
226                <action android:name="androidx.profileinstaller.action.INSTALL_PROFILE" />
226-->[androidx.profileinstaller:profileinstaller:1.3.0] AndroidManifest.xml:41:17-91
226-->[androidx.profileinstaller:profileinstaller:1.3.0] AndroidManifest.xml:41:25-88
227            </intent-filter>
228            <intent-filter>
228-->[androidx.profileinstaller:profileinstaller:1.3.0] AndroidManifest.xml:43:13-45:29
229                <action android:name="androidx.profileinstaller.action.SKIP_FILE" />
229-->[androidx.profileinstaller:profileinstaller:1.3.0] AndroidManifest.xml:44:17-85
229-->[androidx.profileinstaller:profileinstaller:1.3.0] AndroidManifest.xml:44:25-82
230            </intent-filter>
231            <intent-filter>
231-->[androidx.profileinstaller:profileinstaller:1.3.0] AndroidManifest.xml:46:13-48:29
232                <action android:name="androidx.profileinstaller.action.SAVE_PROFILE" />
232-->[androidx.profileinstaller:profileinstaller:1.3.0] AndroidManifest.xml:47:17-88
232-->[androidx.profileinstaller:profileinstaller:1.3.0] AndroidManifest.xml:47:25-85
233            </intent-filter>
234            <intent-filter>
234-->[androidx.profileinstaller:profileinstaller:1.3.0] AndroidManifest.xml:49:13-51:29
235                <action android:name="androidx.profileinstaller.action.BENCHMARK_OPERATION" />
235-->[androidx.profileinstaller:profileinstaller:1.3.0] AndroidManifest.xml:50:17-95
235-->[androidx.profileinstaller:profileinstaller:1.3.0] AndroidManifest.xml:50:25-92
236            </intent-filter>
237        </receiver>
238    </application>
239
240</manifest>